INSTRUMENTATION_STATUS: class=com.google.mediapipe.examples.gesturerecognizer.GestureRecognizerTest
INSTRUMENTATION_STATUS: current=1
INSTRUMENTATION_STATUS: id=AndroidJUnitRunner
INSTRUMENTATION_STATUS: numtests=3
INSTRUMENTATION_STATUS: stream=
com.google.mediapipe.examples.gesturerecognizer.GestureRecognizerTest:
INSTRUMENTATION_STATUS: test=recognizerVideoModeResultFallsWithinAcceptedRange
INSTRUMENTATION_STATUS_CODE: 1
INSTRUMENTATION_STATUS: class=com.google.mediapipe.examples.gesturerecognizer.GestureRecognizerTest
INSTRUMENTATION_STATUS: current=1
INSTRUMENTATION_STATUS: id=AndroidJUnitRunner
INSTRUMENTATION_STATUS: numtests=3
INSTRUMENTATION_STATUS: stack=org.junit.ComparisonFailure: expected:<[Thumb_Up]> but was:<[]>
at org.junit.Assert.assertEquals(Assert.java:115)
at org.junit.Assert.assertEquals(Assert.java:144)
at com.google.mediapipe.examples.gesturerecognizer.GestureRecognizerTest.recognizerVideoModeResultFallsWithinAcceptedRange(GestureRecognizerTest.kt:193)

INSTRUMENTATION_STATUS: stream=
Error in recognizerVideoModeResultFallsWithinAcceptedRange(com.google.mediapipe.examples.gesturerecognizer.GestureRecognizerTest):
org.junit.ComparisonFailure: expected:<[Thumb_Up]> but was:<[]>
at org.junit.Assert.assertEquals(Assert.java:115)
at org.junit.Assert.assertEquals(Assert.java:144)
at com.google.mediapipe.examples.gesturerecognizer.GestureRecognizerTest.recognizerVideoModeResultFallsWithinAcceptedRange(GestureRecognizerTest.kt:193)

INSTRUMENTATION_STATUS: test=recognizerVideoModeResultFallsWithinAcceptedRange
INSTRUMENTATION_STATUS_CODE: -2
INSTRUMENTATION_STATUS: class=com.google.mediapipe.examples.gesturerecognizer.GestureRecognizerTest
INSTRUMENTATION_STATUS: current=2
INSTRUMENTATION_STATUS: id=AndroidJUnitRunner
INSTRUMENTATION_STATUS: numtests=3
INSTRUMENTATION_STATUS: stream=
INSTRUMENTATION_STATUS: test=recognizerLiveStreamModeResultFallsWithinAcceptedRange
INSTRUMENTATION_STATUS_CODE: 1
INSTRUMENTATION_STATUS: class=com.google.mediapipe.examples.gesturerecognizer.GestureRecognizerTest
INSTRUMENTATION_STATUS: current=2
INSTRUMENTATION_STATUS: id=AndroidJUnitRunner
INSTRUMENTATION_STATUS: numtests=3
INSTRUMENTATION_STATUS: stack=java.lang.AssertionError: expected:<0.8105> but was:<0.68669176>
at org.junit.Assert.fail(Assert.java:88)
at org.junit.Assert.failNotEquals(Assert.java:834)
at org.junit.Assert.assertEquals(Assert.java:575)
at org.junit.Assert.assertEquals(Assert.java:700)
at com.google.mediapipe.examples.gesturerecognizer.GestureRecognizerTest.recognizerLiveStreamModeResultFallsWithinAcceptedRange(GestureRecognizerTest.kt:130)

INSTRUMENTATION_STATUS: stream=
Error in recognizerLiveStreamModeResultFallsWithinAcceptedRange(com.google.mediapipe.examples.gesturerecognizer.GestureRecognizerTest):
java.lang.AssertionError: expected:<0.8105> but was:<0.68669176>
at org.junit.Assert.fail(Assert.java:88)
at org.junit.Assert.failNotEquals(Assert.java:834)
at org.junit.Assert.assertEquals(Assert.java:575)
at org.junit.Assert.assertEquals(Assert.java:700)
at com.google.mediapipe.examples.gesturerecognizer.GestureRecognizerTest.recognizerLiveStreamModeResultFallsWithinAcceptedRange(GestureRecognizerTest.kt:130)

INSTRUMENTATION_STATUS: test=recognizerLiveStreamModeResultFallsWithinAcceptedRange
INSTRUMENTATION_STATUS_CODE: -2
INSTRUMENTATION_STATUS: class=com.google.mediapipe.examples.gesturerecognizer.GestureRecognizerTest
INSTRUMENTATION_STATUS: current=3
INSTRUMENTATION_STATUS: id=AndroidJUnitRunner
INSTRUMENTATION_STATUS: numtests=3
INSTRUMENTATION_STATUS: stream=
INSTRUMENTATION_STATUS: test=recognizerImageModeResultFallsWithinAcceptedRange
INSTRUMENTATION_STATUS_CODE: 1
INSTRUMENTATION_STATUS: class=com.google.mediapipe.examples.gesturerecognizer.GestureRecognizerTest
INSTRUMENTATION_STATUS: current=3
INSTRUMENTATION_STATUS: id=AndroidJUnitRunner
INSTRUMENTATION_STATUS: numtests=3
INSTRUMENTATION_STATUS: stack=org.junit.ComparisonFailure: expected:<[Thumb_Up]> but was:<[closed_palm]>
at org.junit.Assert.assertEquals(Assert.java:115)
at org.junit.Assert.assertEquals(Assert.java:144)
at com.google.mediapipe.examples.gesturerecognizer.GestureRecognizerTest.recognizerImageModeResultFallsWithinAcceptedRange(GestureRecognizerTest.kt:233)

INSTRUMENTATION_STATUS: stream=
Error in recognizerImageModeResultFallsWithinAcceptedRange(com.google.mediapipe.examples.gesturerecognizer.GestureRecognizerTest):
org.junit.ComparisonFailure: expected:<[Thumb_Up]> but was:<[closed_palm]>
at org.junit.Assert.assertEquals(Assert.java:115)
at org.junit.Assert.assertEquals(Assert.java:144)
at com.google.mediapipe.examples.gesturerecognizer.GestureRecognizerTest.recognizerImageModeResultFallsWithinAcceptedRange(GestureRecognizerTest.kt:233)

INSTRUMENTATION_STATUS: test=recognizerImageModeResultFallsWithinAcceptedRange
INSTRUMENTATION_STATUS_CODE: -2
INSTRUMENTATION_RESULT: stream=

Time: 11.778
There were 3 failures:
1) recognizerVideoModeResultFallsWithinAcceptedRange(com.google.mediapipe.examples.gesturerecognizer.GestureRecognizerTest)
org.junit.ComparisonFailure: expected:<[Thumb_Up]> but was:<[]>
at org.junit.Assert.assertEquals(Assert.java:115)
at org.junit.Assert.assertEquals(Assert.java:144)
at com.google.mediapipe.examples.gesturerecognizer.GestureRecognizerTest.recognizerVideoModeResultFallsWithinAcceptedRange(GestureRecognizerTest.kt:193)
at java.lang.reflect.Method.invoke(Native Method)
at org.junit.runners.model.FrameworkMethod$1.runReflectiveCall(FrameworkMethod.java:50)
at org.junit.internal.runners.model.ReflectiveCallable.run(ReflectiveCallable.java:12)
at org.junit.runners.model.FrameworkMethod.invokeExplosively(FrameworkMethod.java:47)
at org.junit.internal.runners.statements.InvokeMethod.evaluate(InvokeMethod.java:17)
at androidx.test.internal.runner.junit4.statement.RunBefores.evaluate(RunBefores.java:80)
at org.junit.runners.ParentRunner.runLeaf(ParentRunner.java:325)
at org.junit.runners.BlockJUnit4ClassRunner.runChild(BlockJUnit4ClassRunner.java:78)
at org.junit.runners.BlockJUnit4ClassRunner.runChild(BlockJUnit4ClassRunner.java:57)
at org.junit.runners.ParentRunner$3.run(ParentRunner.java:290)
at org.junit.runners.ParentRunner$1.schedule(ParentRunner.java:71)
at org.junit.runners.ParentRunner.runChildren(ParentRunner.java:288)
at org.junit.runners.ParentRunner.access$000(ParentRunner.java:58)
at org.junit.runners.ParentRunner$2.evaluate(ParentRunner.java:268)
at org.junit.runners.ParentRunner.run(ParentRunner.java:363)
at androidx.test.ext.junit.runners.AndroidJUnit4.run(AndroidJUnit4.java:162)
at org.junit.runners.Suite.runChild(Suite.java:128)
at org.junit.runners.Suite.runChild(Suite.java:27)
at org.junit.runners.ParentRunner$3.run(ParentRunner.java:290)
at org.junit.runners.ParentRunner$1.schedule(ParentRunner.java:71)
at org.junit.runners.ParentRunner.runChildren(ParentRunner.java:288)
at org.junit.runners.ParentRunner.access$000(ParentRunner.java:58)
at org.junit.runners.ParentRunner$2.evaluate(ParentRunner.java:268)
at org.junit.runners.ParentRunner.run(ParentRunner.java:363)
at org.junit.runner.JUnitCore.run(JUnitCore.java:137)
at org.junit.runner.JUnitCore.run(JUnitCore.java:115)
at androidx.test.internal.runner.TestExecutor.execute(TestExecutor.java:56)
at androidx.test.runner.AndroidJUnitRunner.onStart(AndroidJUnitRunner.java:444)
at android.app.Instrumentation$InstrumentationThread.run(Instrumentation.java:2415)
2) recognizerLiveStreamModeResultFallsWithinAcceptedRange(com.google.mediapipe.examples.gesturerecognizer.GestureRecognizerTest)
java.lang.AssertionError: expected:<0.8105> but was:<0.68669176>
at org.junit.Assert.fail(Assert.java:88)
at org.junit.Assert.failNotEquals(Assert.java:834)
at org.junit.Assert.assertEquals(Assert.java:575)
at org.junit.Assert.assertEquals(Assert.java:700)
at com.google.mediapipe.examples.gesturerecognizer.GestureRecognizerTest.recognizerLiveStreamModeResultFallsWithinAcceptedRange(GestureRecognizerTest.kt:130)
at java.lang.reflect.Method.invoke(Native Method)
at org.junit.runners.model.FrameworkMethod$1.runReflectiveCall(FrameworkMethod.java:50)
at org.junit.internal.runners.model.ReflectiveCallable.run(ReflectiveCallable.java:12)
at org.junit.runners.model.FrameworkMethod.invokeExplosively(FrameworkMethod.java:47)
at org.junit.internal.runners.statements.InvokeMethod.evaluate(InvokeMethod.java:17)
at androidx.test.internal.runner.junit4.statement.RunBefores.evaluate(RunBefores.java:80)
at org.junit.runners.ParentRunner.runLeaf(ParentRunner.java:325)
at org.junit.runners.BlockJUnit4ClassRunner.runChild(BlockJUnit4ClassRunner.java:78)
at org.junit.runners.BlockJUnit4ClassRunner.runChild(BlockJUnit4ClassRunner.java:57)
at org.junit.runners.ParentRunner$3.run(ParentRunner.java:290)
at org.junit.runners.ParentRunner$1.schedule(ParentRunner.java:71)
at org.junit.runners.ParentRunner.runChildren(ParentRunner.java:288)
at org.junit.runners.ParentRunner.access$000(ParentRunner.java:58)
at org.junit.runners.ParentRunner$2.evaluate(ParentRunner.java:268)
at org.junit.runners.ParentRunner.run(ParentRunner.java:363)
at androidx.test.ext.junit.runners.AndroidJUnit4.run(AndroidJUnit4.java:162)
at org.junit.runners.Suite.runChild(Suite.java:128)
at org.junit.runners.Suite.runChild(Suite.java:27)
at org.junit.runners.ParentRunner$3.run(ParentRunner.java:290)
at org.junit.runners.ParentRunner$1.schedule(ParentRunner.java:71)
at org.junit.runners.ParentRunner.runChildren(ParentRunner.java:288)
at org.junit.runners.ParentRunner.access$000(ParentRunner.java:58)
at org.junit.runners.ParentRunner$2.evaluate(ParentRunner.java:268)
at org.junit.runners.ParentRunner.run(ParentRunner.java:363)
at org.junit.runner.JUnitCore.run(JUnitCore.java:137)
at org.junit.runner.JUnitCore.run(JUnitCore.java:115)
at androidx.test.internal.runner.TestExecutor.execute(TestExecutor.java:56)
at androidx.test.runner.AndroidJUnitRunner.onStart(AndroidJUnitRunner.java:444)
at android.app.Instrumentation$InstrumentationThread.run(Instrumentation.java:2415)
3) recognizerImageModeResultFallsWithinAcceptedRange(com.google.mediapipe.examples.gesturerecognizer.GestureRecognizerTest)
org.junit.ComparisonFailure: expected:<[Thumb_Up]> but was:<[closed_palm]>
at org.junit.Assert.assertEquals(Assert.java:115)
at org.junit.Assert.assertEquals(Assert.java:144)
at com.google.mediapipe.examples.gesturerecognizer.GestureRecognizerTest.recognizerImageModeResultFallsWithinAcceptedRange(GestureRecognizerTest.kt:233)
at java.lang.reflect.Method.invoke(Native Method)
at org.junit.runners.model.FrameworkMethod$1.runReflectiveCall(FrameworkMethod.java:50)
at org.junit.internal.runners.model.ReflectiveCallable.run(ReflectiveCallable.java:12)
at org.junit.runners.model.FrameworkMethod.invokeExplosively(FrameworkMethod.java:47)
at org.junit.internal.runners.statements.InvokeMethod.evaluate(InvokeMethod.java:17)
at androidx.test.internal.runner.junit4.statement.RunBefores.evaluate(RunBefores.java:80)
at org.junit.runners.ParentRunner.runLeaf(ParentRunner.java:325)
at org.junit.runners.BlockJUnit4ClassRunner.runChild(BlockJUnit4ClassRunner.java:78)
at org.junit.runners.BlockJUnit4ClassRunner.runChild(BlockJUnit4ClassRunner.java:57)
at org.junit.runners.ParentRunner$3.run(ParentRunner.java:290)
at org.junit.runners.ParentRunner$1.schedule(ParentRunner.java:71)
at org.junit.runners.ParentRunner.runChildren(ParentRunner.java:288)
at org.junit.runners.ParentRunner.access$000(ParentRunner.java:58)
at org.junit.runners.ParentRunner$2.evaluate(ParentRunner.java:268)
at org.junit.runners.ParentRunner.run(ParentRunner.java:363)
at androidx.test.ext.junit.runners.AndroidJUnit4.run(AndroidJUnit4.java:162)
at org.junit.runners.Suite.runChild(Suite.java:128)
at org.junit.runners.Suite.runChild(Suite.java:27)
at org.junit.runners.ParentRunner$3.run(ParentRunner.java:290)
at org.junit.runners.ParentRunner$1.schedule(ParentRunner.java:71)
at org.junit.runners.ParentRunner.runChildren(ParentRunner.java:288)
at org.junit.runners.ParentRunner.access$000(ParentRunner.java:58)
at org.junit.runners.ParentRunner$2.evaluate(ParentRunner.java:268)
at org.junit.runners.ParentRunner.run(ParentRunner.java:363)
at org.junit.runner.JUnitCore.run(JUnitCore.java:137)
at org.junit.runner.JUnitCore.run(JUnitCore.java:115)
at androidx.test.internal.runner.TestExecutor.execute(TestExecutor.java:56)
at androidx.test.runner.AndroidJUnitRunner.onStart(AndroidJUnitRunner.java:444)
at android.app.Instrumentation$InstrumentationThread.run(Instrumentation.java:2415)

FAILURES!!!
Tests run: 3,  Failures: 3


INSTRUMENTATION_CODE: -1

